2014/09/25 17:51:54 [error] [exception.CHttpException.404] exception 'CHttpException' with message 'Unable to resolve the request "gii".' in /var/www/html/framework/web/CWebApplication.php:286
Stack trace:
#0 /var/www/html/framework/web/CWebApplication.php(141): CWebApplication->runController('gii')
#1 /var/www/html/framework/base/CApplication.php(180): CWebApplication->processRequest()
#2 /var/www/html/myii/index.php(13): CApplication->run()
#3 {main}
REQUEST_URI=/myii/index.php?r=gii
---
2014/09/25 17:58:16 [error] [exception.CDbException] exception 'CDbException' with message 'CDbConnection failed to open the DB connection: could not find driver' in /var/www/html/framework/db/CDbConnection.php:382
Stack trace:
#0 /var/www/html/framework/db/CDbConnection.php(330): CDbConnection->open()
#1 /var/www/html/framework/db/CDbConnection.php(308): CDbConnection->setActive(true)
#2 /var/www/html/framework/base/CModule.php(387): CDbConnection->init()
#3 /var/www/html/framework/base/CModule.php(103): CModule->getComponent('db')
#4 /var/www/html/framework/gii/generators/crud/CrudCode.php(44): CModule->__get('db')
#5 /var/www/html/framework/web/CFormModel.php(39): CrudCode->init()
#6 /var/www/html/framework/gii/CCodeGenerator.php(153): CFormModel->__construct()
#7 /var/www/html/framework/gii/CCodeGenerator.php(63): CCodeGenerator->prepare()
#8 /var/www/html/framework/web/actions/CInlineAction.php(49): CCodeGenerator->actionIndex()
#9 /var/www/html/framework/web/CController.php(308): CInlineAction->runWithParams(Array)
#10 /var/www/html/framework/web/CController.php(286): CController->runAction(Object(CInlineAction))
#11 /var/www/html/framework/web/CController.php(265): CController->runActionWithFilters(Object(CInlineAction), Array)
#12 /var/www/html/framework/web/CWebApplication.php(282): CController->run('index')
#13 /var/www/html/framework/web/CWebApplication.php(141): CWebApplication->runController('gii/crud/index')
#14 /var/www/html/framework/base/CApplication.php(180): CWebApplication->processRequest()
#15 /var/www/html/myii/index.php(13): CApplication->run()
#16 {main}
REQUEST_URI=/myii/index.php?r=gii/crud/index
HTTP_REFERER=http://localhost/myii/index.php?r=gii/controller/index
---
2014/09/25 17:58:21 [error] [exception.CDbException] exception 'CDbException' with message 'CDbConnection failed to open the DB connection: could not find driver' in /var/www/html/framework/db/CDbConnection.php:382
Stack trace:
#0 /var/www/html/framework/db/CDbConnection.php(330): CDbConnection->open()
#1 /var/www/html/framework/db/CDbConnection.php(308): CDbConnection->setActive(true)
#2 /var/www/html/framework/base/CModule.php(387): CDbConnection->init()
#3 /var/www/html/framework/base/CModule.php(103): CModule->getComponent('db')
#4 /var/www/html/framework/gii/generators/model/ModelCode.php(60): CModule->__get('db')
#5 /var/www/html/framework/web/CFormModel.php(39): ModelCode->init()
#6 /var/www/html/framework/gii/CCodeGenerator.php(153): CFormModel->__construct()
#7 /var/www/html/framework/gii/CCodeGenerator.php(63): CCodeGenerator->prepare()
#8 /var/www/html/framework/web/actions/CInlineAction.php(49): CCodeGenerator->actionIndex()
#9 /var/www/html/framework/web/CController.php(308): CInlineAction->runWithParams(Array)
#10 /var/www/html/framework/web/CController.php(286): CController->runAction(Object(CInlineAction))
#11 /var/www/html/framework/web/CController.php(265): CController->runActionWithFilters(Object(CInlineAction), Array)
#12 /var/www/html/framework/web/CWebApplication.php(282): CController->run('index')
#13 /var/www/html/framework/web/CWebApplication.php(141): CWebApplication->runController('gii/model/index')
#14 /var/www/html/framework/base/CApplication.php(180): CWebApplication->processRequest()
#15 /var/www/html/myii/index.php(13): CApplication->run()
#16 {main}
REQUEST_URI=/myii/index.php?r=gii/model/index
HTTP_REFERER=http://localhost/myii/index.php?r=gii/controller/index
---
2014/09/25 18:01:56 [error] [exception.CDbException] exception 'CDbException' with message 'CDbConnection failed to open the DB connection: could not find driver' in /var/www/html/framework/db/CDbConnection.php:382
Stack trace:
#0 /var/www/html/framework/db/CDbConnection.php(330): CDbConnection->open()
#1 /var/www/html/framework/db/CDbConnection.php(308): CDbConnection->setActive(true)
#2 /var/www/html/framework/base/CModule.php(387): CDbConnection->init()
#3 /var/www/html/framework/base/CModule.php(103): CModule->getComponent('db')
#4 /var/www/html/framework/gii/generators/crud/CrudCode.php(44): CModule->__get('db')
#5 /var/www/html/framework/web/CFormModel.php(39): CrudCode->init()
#6 /var/www/html/framework/gii/CCodeGenerator.php(153): CFormModel->__construct()
#7 /var/www/html/framework/gii/CCodeGenerator.php(63): CCodeGenerator->prepare()
#8 /var/www/html/framework/web/actions/CInlineAction.php(49): CCodeGenerator->actionIndex()
#9 /var/www/html/framework/web/CController.php(308): CInlineAction->runWithParams(Array)
#10 /var/www/html/framework/web/CController.php(286): CController->runAction(Object(CInlineAction))
#11 /var/www/html/framework/web/CController.php(265): CController->runActionWithFilters(Object(CInlineAction), Array)
#12 /var/www/html/framework/web/CWebApplication.php(282): CController->run('index')
#13 /var/www/html/framework/web/CWebApplication.php(141): CWebApplication->runController('gii/crud/index')
#14 /var/www/html/framework/base/CApplication.php(180): CWebApplication->processRequest()
#15 /var/www/html/myii/index.php(13): CApplication->run()
#16 {main}
REQUEST_URI=/myii/index.php?r=gii/crud/index
HTTP_REFERER=http://localhost/myii/index.php?r=gii/module/index
---
2014/09/25 18:01:59 [error] [exception.CDbException] exception 'CDbException' with message 'CDbConnection failed to open the DB connection: could not find driver' in /var/www/html/framework/db/CDbConnection.php:382
Stack trace:
#0 /var/www/html/framework/db/CDbConnection.php(330): CDbConnection->open()
#1 /var/www/html/framework/db/CDbConnection.php(308): CDbConnection->setActive(true)
#2 /var/www/html/framework/base/CModule.php(387): CDbConnection->init()
#3 /var/www/html/framework/base/CModule.php(103): CModule->getComponent('db')
#4 /var/www/html/framework/gii/generators/model/ModelCode.php(60): CModule->__get('db')
#5 /var/www/html/framework/web/CFormModel.php(39): ModelCode->init()
#6 /var/www/html/framework/gii/CCodeGenerator.php(153): CFormModel->__construct()
#7 /var/www/html/framework/gii/CCodeGenerator.php(63): CCodeGenerator->prepare()
#8 /var/www/html/framework/web/actions/CInlineAction.php(49): CCodeGenerator->actionIndex()
#9 /var/www/html/framework/web/CController.php(308): CInlineAction->runWithParams(Array)
#10 /var/www/html/framework/web/CController.php(286): CController->runAction(Object(CInlineAction))
#11 /var/www/html/framework/web/CController.php(265): CController->runActionWithFilters(Object(CInlineAction), Array)
#12 /var/www/html/framework/web/CWebApplication.php(282): CController->run('index')
#13 /var/www/html/framework/web/CWebApplication.php(141): CWebApplication->runController('gii/model/index')
#14 /var/www/html/framework/base/CApplication.php(180): CWebApplication->processRequest()
#15 /var/www/html/myii/index.php(13): CApplication->run()
#16 {main}
REQUEST_URI=/myii/index.php?r=gii/model/index
HTTP_REFERER=http://localhost/myii/index.php?r=gii/module/index
---
2014/09/25 18:18:56 [error] [system.db.CDbCommand] CDbCommand::fetchAll() failed: SQLSTATE[42S02]: Base table or view not found: 1146 Table 'loja_samya.loja_samya' doesn't exist. The SQL statement executed was: SHOW FULL COLUMNS FROM `loja_samya`.
in /var/www/html/myii/index.php (13)
2014/09/25 20:00:41 [error] [exception.CException] exception 'CException' with message 'Alias "application.mudules.produtos" is invalid. Make sure it points to an existing PHP file and the file is readable.' in /var/www/html/framework/YiiBase.php:322
Stack trace:
#0 /var/www/html/framework/gii/generators/crud/CrudCode.php(59): YiiBase::import('application.mud...', true)
#1 /var/www/html/framework/validators/CInlineValidator.php(42): CrudCode->validateModel('model', Array)
#2 /var/www/html/framework/validators/CValidator.php(213): CInlineValidator->validateAttribute(Object(CrudCode), 'model')
#3 /var/www/html/framework/base/CModel.php(159): CValidator->validate(Object(CrudCode), NULL)
#4 /var/www/html/framework/gii/CCodeGenerator.php(159): CModel->validate()
#5 /var/www/html/framework/gii/CCodeGenerator.php(63): CCodeGenerator->prepare()
#6 /var/www/html/framework/web/actions/CInlineAction.php(49): CCodeGenerator->actionIndex()
#7 /var/www/html/framework/web/CController.php(308): CInlineAction->runWithParams(Array)
#8 /var/www/html/framework/web/CController.php(286): CController->runAction(Object(CInlineAction))
#9 /var/www/html/framework/web/CController.php(265): CController->runActionWithFilters(Object(CInlineAction), Array)
#10 /var/www/html/framework/web/CWebApplication.php(282): CController->run('index')
#11 /var/www/html/framework/web/CWebApplication.php(141): CWebApplication->runController('gii/crud/index')
#12 /var/www/html/framework/base/CApplication.php(180): CWebApplication->processRequest()
#13 /var/www/html/myii/index.php(13): CApplication->run()
#14 {main}
REQUEST_URI=/myii/index.php?r=gii/crud/index
HTTP_REFERER=http://localhost/myii/index.php?r=gii/crud/index
---
2014/09/25 20:01:29 [error] [exception.CException] exception 'CException' with message 'Alias "application.mudules.produtos.Produtos" is invalid. Make sure it points to an existing PHP file and the file is readable.' in /var/www/html/framework/YiiBase.php:322
Stack trace:
#0 /var/www/html/framework/gii/generators/crud/CrudCode.php(59): YiiBase::import('application.mud...', true)
#1 /var/www/html/framework/validators/CInlineValidator.php(42): CrudCode->validateModel('model', Array)
#2 /var/www/html/framework/validators/CValidator.php(213): CInlineValidator->validateAttribute(Object(CrudCode), 'model')
#3 /var/www/html/framework/base/CModel.php(159): CValidator->validate(Object(CrudCode), NULL)
#4 /var/www/html/framework/gii/CCodeGenerator.php(159): CModel->validate()
#5 /var/www/html/framework/gii/CCodeGenerator.php(63): CCodeGenerator->prepare()
#6 /var/www/html/framework/web/actions/CInlineAction.php(49): CCodeGenerator->actionIndex()
#7 /var/www/html/framework/web/CController.php(308): CInlineAction->runWithParams(Array)
#8 /var/www/html/framework/web/CController.php(286): CController->runAction(Object(CInlineAction))
#9 /var/www/html/framework/web/CController.php(265): CController->runActionWithFilters(Object(CInlineAction), Array)
#10 /var/www/html/framework/web/CWebApplication.php(282): CController->run('index')
#11 /var/www/html/framework/web/CWebApplication.php(141): CWebApplication->runController('gii/crud/index')
#12 /var/www/html/framework/base/CApplication.php(180): CWebApplication->processRequest()
#13 /var/www/html/myii/index.php(13): CApplication->run()
#14 {main}
REQUEST_URI=/myii/index.php?r=gii/crud/index
HTTP_REFERER=http://localhost/myii/index.php?r=gii/crud/index
---
2014/09/25 20:04:08 [error] [php] include(Produtos.php): failed to open stream: No such file or directory (/var/www/html/framework/YiiBase.php:427)
Stack trace:
#0 /var/www/html/framework/db/ar/CActiveRecord.php(395): spl_autoload_call()
#1 /var/www/html/framework/web/CActiveDataProvider.php(165): model()
#2 /var/www/html/framework/web/CActiveDataProvider.php(87): CActiveDataProvider->getModel()
#3 /var/www/html/myii/protected/controllers/ProdutosController.php(125): CActiveDataProvider->__construct()
#4 /var/www/html/framework/web/actions/CInlineAction.php(49): ProdutosController->actionIndex()
#5 /var/www/html/framework/web/CController.php(308): CInlineAction->runWithParams()
#6 /var/www/html/framework/web/filters/CFilterChain.php(133): ProdutosController->runAction()
#7 /var/www/html/framework/web/filters/CFilter.php(40): CFilterChain->run()
#8 /var/www/html/framework/web/CController.php(1145): CAccessControlFilter->filter()
#9 /var/www/html/framework/web/filters/CInlineFilter.php(58): ProdutosController->filterAccessControl()
#10 /var/www/html/framework/web/filters/CFilterChain.php(130): CInlineFilter->filter()
#11 /var/www/html/framework/web/CController.php(291): CFilterChain->run()
#12 /var/www/html/framework/web/CController.php(265): ProdutosController->runActionWithFilters()
#13 /var/www/html/framework/web/CWebApplication.php(282): ProdutosController->run()
#14 /var/www/html/framework/web/CWebApplication.php(141): CWebApplication->runController()
#15 /var/www/html/framework/base/CApplication.php(180): CWebApplication->processRequest()
#16 /var/www/html/myii/index.php(13): CWebApplication->run()
REQUEST_URI=/myii/index.php?r=produtos
in /var/www/html/myii/protected/controllers/ProdutosController.php (125)
in /var/www/html/myii/index.php (13)
2014/09/25 20:05:03 [error] [php] include(Produtos.php): failed to open stream: No such file or directory (/var/www/html/framework/YiiBase.php:427)
Stack trace:
#0 /var/www/html/framework/db/ar/CActiveRecord.php(395): spl_autoload_call()
#1 /var/www/html/framework/web/CActiveDataProvider.php(165): model()
#2 /var/www/html/framework/web/CActiveDataProvider.php(87): CActiveDataProvider->getModel()
#3 /var/www/html/myii/protected/controllers/ProdutosController.php(125): CActiveDataProvider->__construct()
#4 /var/www/html/framework/web/actions/CInlineAction.php(49): ProdutosController->actionIndex()
#5 /var/www/html/framework/web/CController.php(308): CInlineAction->runWithParams()
#6 /var/www/html/framework/web/filters/CFilterChain.php(133): ProdutosController->runAction()
#7 /var/www/html/framework/web/filters/CFilter.php(40): CFilterChain->run()
#8 /var/www/html/framework/web/CController.php(1145): CAccessControlFilter->filter()
#9 /var/www/html/framework/web/filters/CInlineFilter.php(58): ProdutosController->filterAccessControl()
#10 /var/www/html/framework/web/filters/CFilterChain.php(130): CInlineFilter->filter()
#11 /var/www/html/framework/web/CController.php(291): CFilterChain->run()
#12 /var/www/html/framework/web/CController.php(265): ProdutosController->runActionWithFilters()
#13 /var/www/html/framework/web/CWebApplication.php(282): ProdutosController->run()
#14 /var/www/html/framework/web/CWebApplication.php(141): CWebApplication->runController()
#15 /var/www/html/framework/base/CApplication.php(180): CWebApplication->processRequest()
#16 /var/www/html/myii/index.php(13): CWebApplication->run()
REQUEST_URI=/myii/index.php?r=produtos
in /var/www/html/myii/protected/controllers/ProdutosController.php (125)
in /var/www/html/myii/index.php (13)
2014/09/25 20:09:51 [error] [php] include(Produtos.php): failed to open stream: No such file or directory (/var/www/html/framework/YiiBase.php:427)
Stack trace:
#0 /var/www/html/framework/db/ar/CActiveRecord.php(395): spl_autoload_call()
#1 /var/www/html/framework/web/CActiveDataProvider.php(165): model()
#2 /var/www/html/framework/web/CActiveDataProvider.php(87): CActiveDataProvider->getModel()
#3 /var/www/html/myii/protected/controllers/ProdutosController.php(125): CActiveDataProvider->__construct()
#4 /var/www/html/framework/web/actions/CInlineAction.php(49): ProdutosController->actionIndex()
#5 /var/www/html/framework/web/CController.php(308): CInlineAction->runWithParams()
#6 /var/www/html/framework/web/filters/CFilterChain.php(133): ProdutosController->runAction()
#7 /var/www/html/framework/web/filters/CFilter.php(40): CFilterChain->run()
#8 /var/www/html/framework/web/CController.php(1145): CAccessControlFilter->filter()
#9 /var/www/html/framework/web/filters/CInlineFilter.php(58): ProdutosController->filterAccessControl()
#10 /var/www/html/framework/web/filters/CFilterChain.php(130): CInlineFilter->filter()
#11 /var/www/html/framework/web/CController.php(291): CFilterChain->run()
#12 /var/www/html/framework/web/CController.php(265): ProdutosController->runActionWithFilters()
#13 /var/www/html/framework/web/CWebApplication.php(282): ProdutosController->run()
#14 /var/www/html/framework/web/CWebApplication.php(141): CWebApplication->runController()
#15 /var/www/html/framework/base/CApplication.php(180): CWebApplication->processRequest()
#16 /var/www/html/myii/index.php(13): CWebApplication->run()
REQUEST_URI=/myii/index.php?r=produtos
in /var/www/html/myii/protected/controllers/ProdutosController.php (125)
in /var/www/html/myii/index.php (13)
2014/09/25 20:15:46 [error] [exception.CHttpException.403] exception 'CHttpException' with message 'You are not authorized to perform this action.' in /var/www/html/framework/web/auth/CAccessControlFilter.php:182
Stack trace:
#0 /var/www/html/framework/web/auth/CAccessControlFilter.php(145): CAccessControlFilter->accessDenied(Object(CWebUser), 'You are not aut...')
#1 /var/www/html/framework/web/filters/CFilter.php(38): CAccessControlFilter->preFilter(Object(CFilterChain))
#2 /var/www/html/framework/web/CController.php(1145): CFilter->filter(Object(CFilterChain))
#3 /var/www/html/framework/web/filters/CInlineFilter.php(58): CController->filterAccessControl(Object(CFilterChain))
#4 /var/www/html/framework/web/filters/CFilterChain.php(130): CInlineFilter->filter(Object(CFilterChain))
#5 /var/www/html/framework/web/CController.php(291): CFilterChain->run()
#6 /var/www/html/framework/web/CController.php(265): CController->runActionWithFilters(Object(CInlineAction), Array)
#7 /var/www/html/framework/web/CWebApplication.php(282): CController->run('admin')
#8 /var/www/html/framework/web/CWebApplication.php(141): CWebApplication->runController('produtos/admin')
#9 /var/www/html/framework/base/CApplication.php(180): CWebApplication->processRequest()
#10 /var/www/html/myii/index.php(13): CApplication->run()
#11 {main}
REQUEST_URI=/myii/index.php?r=produtos/admin
HTTP_REFERER=http://localhost/myii/index.php?r=produtos/index
---
2014/09/25 20:15:52 [error] [exception.CHttpException.403] exception 'CHttpException' with message 'You are not authorized to perform this action.' in /var/www/html/framework/web/auth/CAccessControlFilter.php:182
Stack trace:
#0 /var/www/html/framework/web/auth/CAccessControlFilter.php(145): CAccessControlFilter->accessDenied(Object(CWebUser), 'You are not aut...')
#1 /var/www/html/framework/web/filters/CFilter.php(38): CAccessControlFilter->preFilter(Object(CFilterChain))
#2 /var/www/html/framework/web/CController.php(1145): CFilter->filter(Object(CFilterChain))
#3 /var/www/html/framework/web/filters/CInlineFilter.php(58): CController->filterAccessControl(Object(CFilterChain))
#4 /var/www/html/framework/web/filters/CFilterChain.php(130): CInlineFilter->filter(Object(CFilterChain))
#5 /var/www/html/framework/web/CController.php(291): CFilterChain->run()
#6 /var/www/html/framework/web/CController.php(265): CController->runActionWithFilters(Object(CInlineAction), Array)
#7 /var/www/html/framework/web/CWebApplication.php(282): CController->run('admin')
#8 /var/www/html/framework/web/CWebApplication.php(141): CWebApplication->runController('produtos/admin')
#9 /var/www/html/framework/base/CApplication.php(180): CWebApplication->processRequest()
#10 /var/www/html/myii/index.php(13): CApplication->run()
#11 {main}
REQUEST_URI=/myii/index.php?r=produtos/admin
HTTP_REFERER=http://localhost/myii/index.php?r=produtos/index
---
2014/09/25 20:16:53 [error] [exception.CHttpException.403] exception 'CHttpException' with message 'You are not authorized to perform this action.' in /var/www/html/framework/web/auth/CAccessControlFilter.php:182
Stack trace:
#0 /var/www/html/framework/web/auth/CAccessControlFilter.php(145): CAccessControlFilter->accessDenied(Object(CWebUser), 'You are not aut...')
#1 /var/www/html/framework/web/filters/CFilter.php(38): CAccessControlFilter->preFilter(Object(CFilterChain))
#2 /var/www/html/framework/web/CController.php(1145): CFilter->filter(Object(CFilterChain))
#3 /var/www/html/framework/web/filters/CInlineFilter.php(58): CController->filterAccessControl(Object(CFilterChain))
#4 /var/www/html/framework/web/filters/CFilterChain.php(130): CInlineFilter->filter(Object(CFilterChain))
#5 /var/www/html/framework/web/CController.php(291): CFilterChain->run()
#6 /var/www/html/framework/web/CController.php(265): CController->runActionWithFilters(Object(CInlineAction), Array)
#7 /var/www/html/framework/web/CWebApplication.php(282): CController->run('admin')
#8 /var/www/html/framework/web/CWebApplication.php(141): CWebApplication->runController('produtos/admin')
#9 /var/www/html/framework/base/CApplication.php(180): CWebApplication->processRequest()
#10 /var/www/html/myii/index.php(13): CApplication->run()
#11 {main}
REQUEST_URI=/myii/index.php?r=produtos/admin
HTTP_REFERER=http://localhost/myii/index.php?r=produtos/index
---
2014/09/25 20:33:35 [error] [exception.CException] exception 'CException' with message 'Property "CActiveDataProvider.nodel" is not defined.' in /var/www/html/framework/base/CComponent.php:130
Stack trace:
#0 /var/www/html/myii/protected/controllers/ProdutosController.php(127): CComponent->__get('nodel')
#1 /var/www/html/framework/web/actions/CInlineAction.php(49): ProdutosController->actionIndex()
#2 /var/www/html/framework/web/CController.php(308): CInlineAction->runWithParams(Array)
#3 /var/www/html/framework/web/filters/CFilterChain.php(133): CController->runAction(Object(CInlineAction))
#4 /var/www/html/framework/web/filters/CFilter.php(40): CFilterChain->run()
#5 /var/www/html/framework/web/CController.php(1145): CFilter->filter(Object(CFilterChain))
#6 /var/www/html/framework/web/filters/CInlineFilter.php(58): CController->filterAccessControl(Object(CFilterChain))
#7 /var/www/html/framework/web/filters/CFilterChain.php(130): CInlineFilter->filter(Object(CFilterChain))
#8 /var/www/html/framework/web/CController.php(291): CFilterChain->run()
#9 /var/www/html/framework/web/CController.php(265): CController->runActionWithFilters(Object(CInlineAction), Array)
#10 /var/www/html/framework/web/CWebApplication.php(282): CController->run('index')
#11 /var/www/html/framework/web/CWebApplication.php(141): CWebApplication->runController('produtos/index')
#12 /var/www/html/framework/base/CApplication.php(180): CWebApplication->processRequest()
#13 /var/www/html/myii/index.php(13): CApplication->run()
#14 {main}
REQUEST_URI=/myii/index.php?r=produtos/index&json
---
2014/09/25 20:33:51 [error] [exception.CException] exception 'CException' with message 'Property "CActiveDataProvider.Produtos" is not defined.' in /var/www/html/framework/base/CComponent.php:130
Stack trace:
#0 /var/www/html/myii/protected/controllers/ProdutosController.php(127): CComponent->__get('Produtos')
#1 /var/www/html/framework/web/actions/CInlineAction.php(49): ProdutosController->actionIndex()
#2 /var/www/html/framework/web/CController.php(308): CInlineAction->runWithParams(Array)
#3 /var/www/html/framework/web/filters/CFilterChain.php(133): CController->runAction(Object(CInlineAction))
#4 /var/www/html/framework/web/filters/CFilter.php(40): CFilterChain->run()
#5 /var/www/html/framework/web/CController.php(1145): CFilter->filter(Object(CFilterChain))
#6 /var/www/html/framework/web/filters/CInlineFilter.php(58): CController->filterAccessControl(Object(CFilterChain))
#7 /var/www/html/framework/web/filters/CFilterChain.php(130): CInlineFilter->filter(Object(CFilterChain))
#8 /var/www/html/framework/web/CController.php(291): CFilterChain->run()
#9 /var/www/html/framework/web/CController.php(265): CController->runActionWithFilters(Object(CInlineAction), Array)
#10 /var/www/html/framework/web/CWebApplication.php(282): CController->run('index')
#11 /var/www/html/framework/web/CWebApplication.php(141): CWebApplication->runController('produtos/index')
#12 /var/www/html/framework/base/CApplication.php(180): CWebApplication->processRequest()
#13 /var/www/html/myii/index.php(13): CApplication->run()
#14 {main}
REQUEST_URI=/myii/index.php?r=produtos/index&json
---
2014/09/25 20:58:06 [error] [php] Undefined variable: model (/var/www/html/appyii/myii/protected/controllers/ProdutosController.php:127)
Stack trace:
#0 /var/www/html/appyii/framework/web/filters/CFilterChain.php(133): ProdutosController->runAction()
#1 /var/www/html/appyii/framework/web/filters/CFilter.php(40): CFilterChain->run()
#2 /var/www/html/appyii/framework/web/CController.php(1145): CAccessControlFilter->filter()
#3 /var/www/html/appyii/framework/web/filters/CInlineFilter.php(58): ProdutosController->filterAccessControl()
#4 /var/www/html/appyii/framework/web/filters/CFilterChain.php(130): CInlineFilter->filter()
#5 /var/www/html/appyii/framework/web/CController.php(291): CFilterChain->run()
#6 /var/www/html/appyii/framework/web/CController.php(265): ProdutosController->runActionWithFilters()
#7 /var/www/html/appyii/framework/web/CWebApplication.php(282): ProdutosController->run()
#8 /var/www/html/appyii/framework/web/CWebApplication.php(141): CWebApplication->runController()
#9 /var/www/html/appyii/framework/base/CApplication.php(180): CWebApplication->processRequest()
#10 /var/www/html/appyii/myii/index.php(13): CWebApplication->run()
REQUEST_URI=/appyii/myii/index.php?r=produtos/index&json
in /var/www/html/appyii/myii/protected/controllers/ProdutosController.php (127)
in /var/www/html/appyii/myii/index.php (13)
2014/09/25 21:02:44 [error] [exception.CException] exception 'CException' with message 'Property "CActiveDataProvider.Produtos" is not defined.' in /var/www/html/appyii/framework/base/CComponent.php:130
Stack trace:
#0 /var/www/html/appyii/myii/protected/views/produtos/index.php(21): CComponent->__get('Produtos')
#1 /var/www/html/appyii/framework/web/CBaseController.php(126): require('/var/www/html/a...')
#2 /var/www/html/appyii/framework/web/CBaseController.php(95): CBaseController->renderInternal('/var/www/html/a...', Array, true)
#3 /var/www/html/appyii/framework/web/CController.php(869): CBaseController->renderFile('/var/www/html/a...', Array, true)
#4 /var/www/html/appyii/framework/web/CController.php(782): CController->renderPartial('index', Array, true)
#5 /var/www/html/appyii/myii/protected/controllers/ProdutosController.php(131): CController->render('index', Array)
#6 /var/www/html/appyii/framework/web/actions/CInlineAction.php(49): ProdutosController->actionIndex()
#7 /var/www/html/appyii/framework/web/CController.php(308): CInlineAction->runWithParams(Array)
#8 /var/www/html/appyii/framework/web/filters/CFilterChain.php(133): CController->runAction(Object(CInlineAction))
#9 /var/www/html/appyii/framework/web/filters/CFilter.php(40): CFilterChain->run()
#10 /var/www/html/appyii/framework/web/CController.php(1145): CFilter->filter(Object(CFilterChain))
#11 /var/www/html/appyii/framework/web/filters/CInlineFilter.php(58): CController->filterAccessControl(Object(CFilterChain))
#12 /var/www/html/appyii/framework/web/filters/CFilterChain.php(130): CInlineFilter->filter(Object(CFilterChain))
#13 /var/www/html/appyii/framework/web/CController.php(291): CFilterChain->run()
#14 /var/www/html/appyii/framework/web/CController.php(265): CController->runActionWithFilters(Object(CInlineAction), Array)
#15 /var/www/html/appyii/framework/web/CWebApplication.php(282): CController->run('index')
#16 /var/www/html/appyii/framework/web/CWebApplication.php(141): CWebApplication->runController('produtos/index')
#17 /var/www/html/appyii/framework/base/CApplication.php(180): CWebApplication->processRequest()
#18 /var/www/html/appyii/myii/index.php(13): CApplication->run()
#19 {main}
REQUEST_URI=/appyii/myii/index.php?r=produtos/index
---
2014/09/25 21:02:52 [error] [exception.CException] exception 'CException' with message 'Property "CActiveDataProvider.produtos" is not defined.' in /var/www/html/appyii/framework/base/CComponent.php:130
Stack trace:
#0 /var/www/html/appyii/myii/protected/views/produtos/index.php(21): CComponent->__get('produtos')
#1 /var/www/html/appyii/framework/web/CBaseController.php(126): require('/var/www/html/a...')
#2 /var/www/html/appyii/framework/web/CBaseController.php(95): CBaseController->renderInternal('/var/www/html/a...', Array, true)
#3 /var/www/html/appyii/framework/web/CController.php(869): CBaseController->renderFile('/var/www/html/a...', Array, true)
#4 /var/www/html/appyii/framework/web/CController.php(782): CController->renderPartial('index', Array, true)
#5 /var/www/html/appyii/myii/protected/controllers/ProdutosController.php(131): CController->render('index', Array)
#6 /var/www/html/appyii/framework/web/actions/CInlineAction.php(49): ProdutosController->actionIndex()
#7 /var/www/html/appyii/framework/web/CController.php(308): CInlineAction->runWithParams(Array)
#8 /var/www/html/appyii/framework/web/filters/CFilterChain.php(133): CController->runAction(Object(CInlineAction))
#9 /var/www/html/appyii/framework/web/filters/CFilter.php(40): CFilterChain->run()
#10 /var/www/html/appyii/framework/web/CController.php(1145): CFilter->filter(Object(CFilterChain))
#11 /var/www/html/appyii/framework/web/filters/CInlineFilter.php(58): CController->filterAccessControl(Object(CFilterChain))
#12 /var/www/html/appyii/framework/web/filters/CFilterChain.php(130): CInlineFilter->filter(Object(CFilterChain))
#13 /var/www/html/appyii/framework/web/CController.php(291): CFilterChain->run()
#14 /var/www/html/appyii/framework/web/CController.php(265): CController->runActionWithFilters(Object(CInlineAction), Array)
#15 /var/www/html/appyii/framework/web/CWebApplication.php(282): CController->run('index')
#16 /var/www/html/appyii/framework/web/CWebApplication.php(141): CWebApplication->runController('produtos/index')
#17 /var/www/html/appyii/framework/base/CApplication.php(180): CWebApplication->processRequest()
#18 /var/www/html/appyii/myii/index.php(13): CApplication->run()
#19 {main}
REQUEST_URI=/appyii/myii/index.php?r=produtos/index
---
2014/09/25 21:02:53 [error] [exception.CException] exception 'CException' with message 'Property "CActiveDataProvider.produtos" is not defined.' in /var/www/html/appyii/framework/base/CComponent.php:130
Stack trace:
#0 /var/www/html/appyii/myii/protected/views/produtos/index.php(21): CComponent->__get('produtos')
#1 /var/www/html/appyii/framework/web/CBaseController.php(126): require('/var/www/html/a...')
#2 /var/www/html/appyii/framework/web/CBaseController.php(95): CBaseController->renderInternal('/var/www/html/a...', Array, true)
#3 /var/www/html/appyii/framework/web/CController.php(869): CBaseController->renderFile('/var/www/html/a...', Array, true)
#4 /var/www/html/appyii/framework/web/CController.php(782): CController->renderPartial('index', Array, true)
#5 /var/www/html/appyii/myii/protected/controllers/ProdutosController.php(131): CController->render('index', Array)
#6 /var/www/html/appyii/framework/web/actions/CInlineAction.php(49): ProdutosController->actionIndex()
#7 /var/www/html/appyii/framework/web/CController.php(308): CInlineAction->runWithParams(Array)
#8 /var/www/html/appyii/framework/web/filters/CFilterChain.php(133): CController->runAction(Object(CInlineAction))
#9 /var/www/html/appyii/framework/web/filters/CFilter.php(40): CFilterChain->run()
#10 /var/www/html/appyii/framework/web/CController.php(1145): CFilter->filter(Object(CFilterChain))
#11 /var/www/html/appyii/framework/web/filters/CInlineFilter.php(58): CController->filterAccessControl(Object(CFilterChain))
#12 /var/www/html/appyii/framework/web/filters/CFilterChain.php(130): CInlineFilter->filter(Object(CFilterChain))
#13 /var/www/html/appyii/framework/web/CController.php(291): CFilterChain->run()
#14 /var/www/html/appyii/framework/web/CController.php(265): CController->runActionWithFilters(Object(CInlineAction), Array)
#15 /var/www/html/appyii/framework/web/CWebApplication.php(282): CController->run('index')
#16 /var/www/html/appyii/framework/web/CWebApplication.php(141): CWebApplication->runController('produtos/index')
#17 /var/www/html/appyii/framework/base/CApplication.php(180): CWebApplication->processRequest()
#18 /var/www/html/appyii/myii/index.php(13): CApplication->run()
#19 {main}
REQUEST_URI=/appyii/myii/index.php?r=produtos/index
---
2014/09/25 21:04:04 [error] [exception.CException] exception 'CException' with message 'Property "CActiveDataProvider.Produtos" is not defined.' in /var/www/html/appyii/framework/base/CComponent.php:130
Stack trace:
#0 /var/www/html/appyii/myii/protected/views/produtos/index.php(21): CComponent->__get('Produtos')
#1 /var/www/html/appyii/framework/web/CBaseController.php(126): require('/var/www/html/a...')
#2 /var/www/html/appyii/framework/web/CBaseController.php(95): CBaseController->renderInternal('/var/www/html/a...', Array, true)
#3 /var/www/html/appyii/framework/web/CController.php(869): CBaseController->renderFile('/var/www/html/a...', Array, true)
#4 /var/www/html/appyii/framework/web/CController.php(782): CController->renderPartial('index', Array, true)
#5 /var/www/html/appyii/myii/protected/controllers/ProdutosController.php(131): CController->render('index', Array)
#6 /var/www/html/appyii/framework/web/actions/CInlineAction.php(49): ProdutosController->actionIndex()
#7 /var/www/html/appyii/framework/web/CController.php(308): CInlineAction->runWithParams(Array)
#8 /var/www/html/appyii/framework/web/filters/CFilterChain.php(133): CController->runAction(Object(CInlineAction))
#9 /var/www/html/appyii/framework/web/filters/CFilter.php(40): CFilterChain->run()
#10 /var/www/html/appyii/framework/web/CController.php(1145): CFilter->filter(Object(CFilterChain))
#11 /var/www/html/appyii/framework/web/filters/CInlineFilter.php(58): CController->filterAccessControl(Object(CFilterChain))
#12 /var/www/html/appyii/framework/web/filters/CFilterChain.php(130): CInlineFilter->filter(Object(CFilterChain))
#13 /var/www/html/appyii/framework/web/CController.php(291): CFilterChain->run()
#14 /var/www/html/appyii/framework/web/CController.php(265): CController->runActionWithFilters(Object(CInlineAction), Array)
#15 /var/www/html/appyii/framework/web/CWebApplication.php(282): CController->run('index')
#16 /var/www/html/appyii/framework/web/CWebApplication.php(141): CWebApplication->runController('produtos/index')
#17 /var/www/html/appyii/framework/base/CApplication.php(180): CWebApplication->processRequest()
#18 /var/www/html/appyii/myii/index.php(13): CApplication->run()
#19 {main}
REQUEST_URI=/appyii/myii/index.php?r=produtos/index
---
2014/09/25 21:18:34 [error] [exception.CException] exception 'CException' with message 'ProdutosController and its behaviors do not have a method or closure named "renderJson".' in /var/www/html/appyii/framework/base/CComponent.php:266
Stack trace:
#0 /var/www/html/appyii/myii/protected/views/produtos/index.php(21): CComponent->__call('renderJson', Array)
#1 /var/www/html/appyii/myii/protected/views/produtos/index.php(21): ProdutosController->renderJson(Object(CActiveDataProvider))
#2 /var/www/html/appyii/framework/web/CBaseController.php(126): require('/var/www/html/a...')
#3 /var/www/html/appyii/framework/web/CBaseController.php(95): CBaseController->renderInternal('/var/www/html/a...', Array, true)
#4 /var/www/html/appyii/framework/web/CController.php(869): CBaseController->renderFile('/var/www/html/a...', Array, true)
#5 /var/www/html/appyii/framework/web/CController.php(782): CController->renderPartial('index', Array, true)
#6 /var/www/html/appyii/myii/protected/controllers/ProdutosController.php(131): CController->render('index', Array)
#7 /var/www/html/appyii/framework/web/actions/CInlineAction.php(49): ProdutosController->actionIndex()
#8 /var/www/html/appyii/framework/web/CController.php(308): CInlineAction->runWithParams(Array)
#9 /var/www/html/appyii/framework/web/filters/CFilterChain.php(133): CController->runAction(Object(CInlineAction))
#10 /var/www/html/appyii/framework/web/filters/CFilter.php(40): CFilterChain->run()
#11 /var/www/html/appyii/framework/web/CController.php(1145): CFilter->filter(Object(CFilterChain))
#12 /var/www/html/appyii/framework/web/filters/CInlineFilter.php(58): CController->filterAccessControl(Object(CFilterChain))
#13 /var/www/html/appyii/framework/web/filters/CFilterChain.php(130): CInlineFilter->filter(Object(CFilterChain))
#14 /var/www/html/appyii/framework/web/CController.php(291): CFilterChain->run()
#15 /var/www/html/appyii/framework/web/CController.php(265): CController->runActionWithFilters(Object(CInlineAction), Array)
#16 /var/www/html/appyii/framework/web/CWebApplication.php(282): CController->run('index')
#17 /var/www/html/appyii/framework/web/CWebApplication.php(141): CWebApplication->runController('produtos/index')
#18 /var/www/html/appyii/framework/base/CApplication.php(180): CWebApplication->processRequest()
#19 /var/www/html/appyii/myii/index.php(13): CApplication->run()
#20 {main}
REQUEST_URI=/appyii/myii/index.php?r=produtos/index
---
2014/09/25 21:18:43 [error] [exception.CException] exception 'CException' with message 'ProdutosController and its behaviors do not have a method or closure named "renderJSON".' in /var/www/html/appyii/framework/base/CComponent.php:266
Stack trace:
#0 /var/www/html/appyii/myii/protected/views/produtos/index.php(21): CComponent->__call('renderJSON', Array)
#1 /var/www/html/appyii/myii/protected/views/produtos/index.php(21): ProdutosController->renderJSON(Object(CActiveDataProvider))
#2 /var/www/html/appyii/framework/web/CBaseController.php(126): require('/var/www/html/a...')
#3 /var/www/html/appyii/framework/web/CBaseController.php(95): CBaseController->renderInternal('/var/www/html/a...', Array, true)
#4 /var/www/html/appyii/framework/web/CController.php(869): CBaseController->renderFile('/var/www/html/a...', Array, true)
#5 /var/www/html/appyii/framework/web/CController.php(782): CController->renderPartial('index', Array, true)
#6 /var/www/html/appyii/myii/protected/controllers/ProdutosController.php(131): CController->render('index', Array)
#7 /var/www/html/appyii/framework/web/actions/CInlineAction.php(49): ProdutosController->actionIndex()
#8 /var/www/html/appyii/framework/web/CController.php(308): CInlineAction->runWithParams(Array)
#9 /var/www/html/appyii/framework/web/filters/CFilterChain.php(133): CController->runAction(Object(CInlineAction))
#10 /var/www/html/appyii/framework/web/filters/CFilter.php(40): CFilterChain->run()
#11 /var/www/html/appyii/framework/web/CController.php(1145): CFilter->filter(Object(CFilterChain))
#12 /var/www/html/appyii/framework/web/filters/CInlineFilter.php(58): CController->filterAccessControl(Object(CFilterChain))
#13 /var/www/html/appyii/framework/web/filters/CFilterChain.php(130): CInlineFilter->filter(Object(CFilterChain))
#14 /var/www/html/appyii/framework/web/CController.php(291): CFilterChain->run()
#15 /var/www/html/appyii/framework/web/CController.php(265): CController->runActionWithFilters(Object(CInlineAction), Array)
#16 /var/www/html/appyii/framework/web/CWebApplication.php(282): CController->run('index')
#17 /var/www/html/appyii/framework/web/CWebApplication.php(141): CWebApplication->runController('produtos/index')
#18 /var/www/html/appyii/framework/base/CApplication.php(180): CWebApplication->processRequest()
#19 /var/www/html/appyii/myii/index.php(13): CApplication->run()
#20 {main}
REQUEST_URI=/appyii/myii/index.php?r=produtos/index
---
2014/09/25 21:20:33 [error] [php] Object of class CActiveDataProvider could not be converted to string (/var/www/html/appyii/myii/protected/views/produtos/index.php:21)
Stack trace:
#0 /var/www/html/appyii/framework/web/CController.php(869): ProdutosController->renderFile()
#1 /var/www/html/appyii/framework/web/CController.php(782): ProdutosController->renderPartial()
#2 /var/www/html/appyii/myii/protected/controllers/ProdutosController.php(131): ProdutosController->render()
#3 /var/www/html/appyii/framework/web/actions/CInlineAction.php(49): ProdutosController->actionIndex()
#4 /var/www/html/appyii/framework/web/CController.php(308): CInlineAction->runWithParams()
#5 /var/www/html/appyii/framework/web/filters/CFilterChain.php(133): ProdutosController->runAction()
#6 /var/www/html/appyii/framework/web/filters/CFilter.php(40): CFilterChain->run()
#7 /var/www/html/appyii/framework/web/CController.php(1145): CAccessControlFilter->filter()
#8 /var/www/html/appyii/framework/web/filters/CInlineFilter.php(58): ProdutosController->filterAccessControl()
#9 /var/www/html/appyii/framework/web/filters/CFilterChain.php(130): CInlineFilter->filter()
#10 /var/www/html/appyii/framework/web/CController.php(291): CFilterChain->run()
#11 /var/www/html/appyii/framework/web/CController.php(265): ProdutosController->runActionWithFilters()
#12 /var/www/html/appyii/framework/web/CWebApplication.php(282): ProdutosController->run()
#13 /var/www/html/appyii/framework/web/CWebApplication.php(141): CWebApplication->runController()
#14 /var/www/html/appyii/framework/base/CApplication.php(180): CWebApplication->processRequest()
#15 /var/www/html/appyii/myii/index.php(13): CWebApplication->run()
REQUEST_URI=/appyii/myii/index.php?r=produtos/index
in /var/www/html/appyii/myii/protected/views/produtos/index.php (21)
in /var/www/html/appyii/myii/protected/controllers/ProdutosController.php (131)
in /var/www/html/appyii/myii/index.php (13)
2014/09/25 21:20:45 [error] [php] Undefined variable: model (/var/www/html/appyii/myii/protected/views/produtos/index.php:21)
Stack trace:
#0 /var/www/html/appyii/framework/web/CController.php(869): ProdutosController->renderFile()
#1 /var/www/html/appyii/framework/web/CController.php(782): ProdutosController->renderPartial()
#2 /var/www/html/appyii/myii/protected/controllers/ProdutosController.php(131): ProdutosController->render()
#3 /var/www/html/appyii/framework/web/actions/CInlineAction.php(49): ProdutosController->actionIndex()
#4 /var/www/html/appyii/framework/web/CController.php(308): CInlineAction->runWithParams()
#5 /var/www/html/appyii/framework/web/filters/CFilterChain.php(133): ProdutosController->runAction()
#6 /var/www/html/appyii/framework/web/filters/CFilter.php(40): CFilterChain->run()
#7 /var/www/html/appyii/framework/web/CController.php(1145): CAccessControlFilter->filter()
#8 /var/www/html/appyii/framework/web/filters/CInlineFilter.php(58): ProdutosController->filterAccessControl()
#9 /var/www/html/appyii/framework/web/filters/CFilterChain.php(130): CInlineFilter->filter()
#10 /var/www/html/appyii/framework/web/CController.php(291): CFilterChain->run()
#11 /var/www/html/appyii/framework/web/CController.php(265): ProdutosController->runActionWithFilters()
#12 /var/www/html/appyii/framework/web/CWebApplication.php(282): ProdutosController->run()
#13 /var/www/html/appyii/framework/web/CWebApplication.php(141): CWebApplication->runController()
#14 /var/www/html/appyii/framework/base/CApplication.php(180): CWebApplication->processRequest()
#15 /var/www/html/appyii/myii/index.php(13): CWebApplication->run()
REQUEST_URI=/appyii/myii/index.php?r=produtos/index
in /var/www/html/appyii/myii/protected/views/produtos/index.php (21)
in /var/www/html/appyii/myii/protected/controllers/ProdutosController.php (131)
in /var/www/html/appyii/myii/index.php (13)
2014/09/25 21:20:47 [error] [php] Undefined variable: model (/var/www/html/appyii/myii/protected/views/produtos/index.php:21)
Stack trace:
#0 /var/www/html/appyii/framework/web/CController.php(869): ProdutosController->renderFile()
#1 /var/www/html/appyii/framework/web/CController.php(782): ProdutosController->renderPartial()
#2 /var/www/html/appyii/myii/protected/controllers/ProdutosController.php(131): ProdutosController->render()
#3 /var/www/html/appyii/framework/web/actions/CInlineAction.php(49): ProdutosController->actionIndex()
#4 /var/www/html/appyii/framework/web/CController.php(308): CInlineAction->runWithParams()
#5 /var/www/html/appyii/framework/web/filters/CFilterChain.php(133): ProdutosController->runAction()
#6 /var/www/html/appyii/framework/web/filters/CFilter.php(40): CFilterChain->run()
#7 /var/www/html/appyii/framework/web/CController.php(1145): CAccessControlFilter->filter()
#8 /var/www/html/appyii/framework/web/filters/CInlineFilter.php(58): ProdutosController->filterAccessControl()
#9 /var/www/html/appyii/framework/web/filters/CFilterChain.php(130): CInlineFilter->filter()
#10 /var/www/html/appyii/framework/web/CController.php(291): CFilterChain->run()
#11 /var/www/html/appyii/framework/web/CController.php(265): ProdutosController->runActionWithFilters()
#12 /var/www/html/appyii/framework/web/CWebApplication.php(282): ProdutosController->run()
#13 /var/www/html/appyii/framework/web/CWebApplication.php(141): CWebApplication->runController()
#14 /var/www/html/appyii/framework/base/CApplication.php(180): CWebApplication->processRequest()
#15 /var/www/html/appyii/myii/index.php(13): CWebApplication->run()
REQUEST_URI=/appyii/myii/index.php?r=produtos/index
in /var/www/html/appyii/myii/protected/views/produtos/index.php (21)
in /var/www/html/appyii/myii/protected/controllers/ProdutosController.php (131)
in /var/www/html/appyii/myii/index.php (13)
2014/09/25 21:20:52 [error] [php] Undefined variable: model (/var/www/html/appyii/myii/protected/views/produtos/index.php:21)
Stack trace:
#0 /var/www/html/appyii/framework/web/CController.php(869): ProdutosController->renderFile()
#1 /var/www/html/appyii/framework/web/CController.php(782): ProdutosController->renderPartial()
#2 /var/www/html/appyii/myii/protected/controllers/ProdutosController.php(131): ProdutosController->render()
#3 /var/www/html/appyii/framework/web/actions/CInlineAction.php(49): ProdutosController->actionIndex()
#4 /var/www/html/appyii/framework/web/CController.php(308): CInlineAction->runWithParams()
#5 /var/www/html/appyii/framework/web/filters/CFilterChain.php(133): ProdutosController->runAction()
#6 /var/www/html/appyii/framework/web/filters/CFilter.php(40): CFilterChain->run()
#7 /var/www/html/appyii/framework/web/CController.php(1145): CAccessControlFilter->filter()
#8 /var/www/html/appyii/framework/web/filters/CInlineFilter.php(58): ProdutosController->filterAccessControl()
#9 /var/www/html/appyii/framework/web/filters/CFilterChain.php(130): CInlineFilter->filter()
#10 /var/www/html/appyii/framework/web/CController.php(291): CFilterChain->run()
#11 /var/www/html/appyii/framework/web/CController.php(265): ProdutosController->runActionWithFilters()
#12 /var/www/html/appyii/framework/web/CWebApplication.php(282): ProdutosController->run()
#13 /var/www/html/appyii/framework/web/CWebApplication.php(141): CWebApplication->runController()
#14 /var/www/html/appyii/framework/base/CApplication.php(180): CWebApplication->processRequest()
#15 /var/www/html/appyii/myii/index.php(13): CWebApplication->run()
REQUEST_URI=/appyii/myii/index.php?r=produtos/index
in /var/www/html/appyii/myii/protected/views/produtos/index.php (21)
in /var/www/html/appyii/myii/protected/controllers/ProdutosController.php (131)
in /var/www/html/appyii/myii/index.php (13)
2014/09/25 21:36:25 [error] [php] Undefined variable: widget (/var/www/html/appyii/framework/web/CBaseController.php:147)
Stack trace:
#0 /var/www/html/appyii/framework/web/CBaseController.php(126): require()
#1 /var/www/html/appyii/framework/web/CBaseController.php(95): ProdutosController->renderInternal()
#2 /var/www/html/appyii/framework/web/CController.php(869): ProdutosController->renderFile()
#3 /var/www/html/appyii/framework/web/CController.php(782): ProdutosController->renderPartial()
#4 /var/www/html/appyii/myii/protected/controllers/ProdutosController.php(131): ProdutosController->render()
#5 /var/www/html/appyii/framework/web/actions/CInlineAction.php(49): ProdutosController->actionIndex()
#6 /var/www/html/appyii/framework/web/CController.php(308): CInlineAction->runWithParams()
#7 /var/www/html/appyii/framework/web/filters/CFilterChain.php(133): ProdutosController->runAction()
#8 /var/www/html/appyii/framework/web/filters/CFilter.php(40): CFilterChain->run()
#9 /var/www/html/appyii/framework/web/CController.php(1145): CAccessControlFilter->filter()
#10 /var/www/html/appyii/framework/web/filters/CInlineFilter.php(58): ProdutosController->filterAccessControl()
#11 /var/www/html/appyii/framework/web/filters/CFilterChain.php(130): CInlineFilter->filter()
#12 /var/www/html/appyii/framework/web/CController.php(291): CFilterChain->run()
#13 /var/www/html/appyii/framework/web/CController.php(265): ProdutosController->runActionWithFilters()
#14 /var/www/html/appyii/framework/web/CWebApplication.php(282): ProdutosController->run()
#15 /var/www/html/appyii/framework/web/CWebApplication.php(141): CWebApplication->runController()
#16 /var/www/html/appyii/framework/base/CApplication.php(180): CWebApplication->processRequest()
#17 /var/www/html/appyii/myii/index.php(13): CWebApplication->run()
REQUEST_URI=/appyii/myii/index.php?r=produtos/index
in /var/www/html/appyii/myii/protected/views/produtos/index.php (20)
in /var/www/html/appyii/myii/protected/controllers/ProdutosController.php (131)
in /var/www/html/appyii/myii/index.php (13)
2014/09/25 21:43:19 [error] [php] Invalid argument supplied for foreach() (/var/www/html/appyii/framework/web/auth/CAccessControlFilter.php:104)
Stack trace:
#0 /var/www/html/appyii/framework/web/filters/CFilterChain.php(130): CInlineFilter->filter()
#1 /var/www/html/appyii/framework/web/CController.php(291): CFilterChain->run()
#2 /var/www/html/appyii/framework/web/CController.php(265): ProdutosController->runActionWithFilters()
#3 /var/www/html/appyii/framework/web/CWebApplication.php(282): ProdutosController->run()
#4 /var/www/html/appyii/framework/web/CWebApplication.php(141): CWebApplication->runController()
#5 /var/www/html/appyii/framework/base/CApplication.php(180): CWebApplication->processRequest()
#6 /var/www/html/appyii/myii/index.php(13): CWebApplication->run()
REQUEST_URI=/appyii/myii/index.php?r=produtos/index
in /var/www/html/appyii/myii/index.php (13)
2014/09/25 21:47:49 [error] [exception.CException] exception 'CException' with message 'Property "Produtos.Produtos" is not defined.' in /var/www/html/appyii/framework/base/CComponent.php:130
Stack trace:
#0 /var/www/html/appyii/framework/db/ar/CActiveRecord.php(145): CComponent->__get('Produtos')
#1 /var/www/html/appyii/framework/zii/widgets/CListView.php(280): CActiveRecord->__get('Produtos')
#2 /var/www/html/appyii/framework/zii/widgets/CBaseListView.php(167): CListView->renderItems()
#3 [internal function]: CBaseListView->renderSection(Array)
#4 /var/www/html/appyii/framework/zii/widgets/CBaseListView.php(150): preg_replace_callback('/{(\w+)}/', Array, '{summary}?{sort...')
#5 /var/www/html/appyii/framework/zii/widgets/CBaseListView.php(135): CBaseListView->renderContent()
#6 /var/www/html/appyii/framework/web/CBaseController.php(173): CBaseListView->run()
#7 /var/www/html/appyii/myii/protected/views/produtos/index.php(20): CBaseController->widget('zii.widgets.CLi...', Array)
#8 /var/www/html/appyii/framework/web/CBaseController.php(126): require('/var/www/html/a...')
#9 /var/www/html/appyii/framework/web/CBaseController.php(95): CBaseController->renderInternal('/var/www/html/a...', Array, true)
#10 /var/www/html/appyii/framework/web/CController.php(869): CBaseController->renderFile('/var/www/html/a...', Array, true)
#11 /var/www/html/appyii/framework/web/CController.php(782): CController->renderPartial('index', Array, true)
#12 /var/www/html/appyii/myii/protected/controllers/ProdutosController.php(131): CController->render('index', Array)
#13 /var/www/html/appyii/framework/web/actions/CInlineAction.php(49): ProdutosController->actionIndex()
#14 /var/www/html/appyii/framework/web/CController.php(308): CInlineAction->runWithParams(Array)
#15 /var/www/html/appyii/framework/web/filters/CFilterChain.php(133): CController->runAction(Object(CInlineAction))
#16 /var/www/html/appyii/framework/web/filters/CFilter.php(40): CFilterChain->run()
#17 /var/www/html/appyii/framework/web/CController.php(1145): CFilter->filter(Object(CFilterChain))
#18 /var/www/html/appyii/framework/web/filters/CInlineFilter.php(58): CController->filterAccessControl(Object(CFilterChain))
#19 /var/www/html/appyii/framework/web/filters/CFilterChain.php(130): CInlineFilter->filter(Object(CFilterChain))
#20 /var/www/html/appyii/framework/web/CController.php(291): CFilterChain->run()
#21 /var/www/html/appyii/framework/web/CController.php(265): CController->runActionWithFilters(Object(CInlineAction), Array)
#22 /var/www/html/appyii/framework/web/CWebApplication.php(282): CController->run('index')
#23 /var/www/html/appyii/framework/web/CWebApplication.php(141): CWebApplication->runController('produtos/index')
#24 /var/www/html/appyii/framework/base/CApplication.php(180): CWebApplication->processRequest()
#25 /var/www/html/appyii/myii/index.php(13): CApplication->run()
#26 {main}
REQUEST_URI=/appyii/myii/index.php?r=produtos/index
---
2014/09/25 21:59:16 [error] [php] Undefined variable: dataProvider (/var/www/html/appyii/myii/protected/controllers/ProdutosController.php:126)
Stack trace:
#0 /var/www/html/appyii/framework/web/filters/CFilterChain.php(133): ProdutosController->runAction()
#1 /var/www/html/appyii/framework/web/filters/CFilter.php(40): CFilterChain->run()
#2 /var/www/html/appyii/framework/web/CController.php(1145): CAccessControlFilter->filter()
#3 /var/www/html/appyii/framework/web/filters/CInlineFilter.php(58): ProdutosController->filterAccessControl()
#4 /var/www/html/appyii/framework/web/filters/CFilterChain.php(130): CInlineFilter->filter()
#5 /var/www/html/appyii/framework/web/CController.php(291): CFilterChain->run()
#6 /var/www/html/appyii/framework/web/CController.php(265): ProdutosController->runActionWithFilters()
#7 /var/www/html/appyii/framework/web/CWebApplication.php(282): ProdutosController->run()
#8 /var/www/html/appyii/framework/web/CWebApplication.php(141): CWebApplication->runController()
#9 /var/www/html/appyii/framework/base/CApplication.php(180): CWebApplication->processRequest()
#10 /var/www/html/appyii/myii/index.php(13): CWebApplication->run()
REQUEST_URI=/appyii/myii/index.php?r=produtos/index&json
in /var/www/html/appyii/myii/protected/controllers/ProdutosController.php (126)
in /var/www/html/appyii/myii/index.php (13)
2014/09/25 21:59:18 [error] [php] Undefined variable: dataProvider (/var/www/html/appyii/myii/protected/controllers/ProdutosController.php:126)
Stack trace:
#0 /var/www/html/appyii/framework/web/filters/CFilterChain.php(133): ProdutosController->runAction()
#1 /var/www/html/appyii/framework/web/filters/CFilter.php(40): CFilterChain->run()
#2 /var/www/html/appyii/framework/web/CController.php(1145): CAccessControlFilter->filter()
#3 /var/www/html/appyii/framework/web/filters/CInlineFilter.php(58): ProdutosController->filterAccessControl()
#4 /var/www/html/appyii/framework/web/filters/CFilterChain.php(130): CInlineFilter->filter()
#5 /var/www/html/appyii/framework/web/CController.php(291): CFilterChain->run()
#6 /var/www/html/appyii/framework/web/CController.php(265): ProdutosController->runActionWithFilters()
#7 /var/www/html/appyii/framework/web/CWebApplication.php(282): ProdutosController->run()
#8 /var/www/html/appyii/framework/web/CWebApplication.php(141): CWebApplication->runController()
#9 /var/www/html/appyii/framework/base/CApplication.php(180): CWebApplication->processRequest()
#10 /var/www/html/appyii/myii/index.php(13): CWebApplication->run()
REQUEST_URI=/appyii/myii/index.php?r=produtos/index&json
in /var/www/html/appyii/myii/protected/controllers/ProdutosController.php (126)
in /var/www/html/appyii/myii/index.php (13)
2014/09/25 22:23:31 [error] [exception.CException] exception 'CException' with message 'The property "itemView" cannot be empty.' in /var/www/html/appyii/framework/zii/widgets/CListView.php:210
Stack trace:
#0 /var/www/html/appyii/framework/web/CBaseController.php(147): CListView->init()
#1 /var/www/html/appyii/framework/web/CBaseController.php(172): CBaseController->createWidget('zii.widgets.CLi...', Array)
#2 /var/www/html/appyii/myii/protected/views/produtos/index.php(9): CBaseController->widget('zii.widgets.CLi...', Array)
#3 /var/www/html/appyii/framework/web/CBaseController.php(126): require('/var/www/html/a...')
#4 /var/www/html/appyii/framework/web/CBaseController.php(95): CBaseController->renderInternal('/var/www/html/a...', Array, true)
#5 /var/www/html/appyii/framework/web/CController.php(869): CBaseController->renderFile('/var/www/html/a...', Array, true)
#6 /var/www/html/appyii/framework/web/CController.php(782): CController->renderPartial('index', Array, true)
#7 /var/www/html/appyii/myii/protected/controllers/ProdutosController.php(128): CController->render('index', Array)
#8 /var/www/html/appyii/framework/web/actions/CInlineAction.php(49): ProdutosController->actionIndex()
#9 /var/www/html/appyii/framework/web/CController.php(308): CInlineAction->runWithParams(Array)
#10 /var/www/html/appyii/framework/web/filters/CFilterChain.php(133): CController->runAction(Object(CInlineAction))
#11 /var/www/html/appyii/framework/web/filters/CFilter.php(40): CFilterChain->run()
#12 /var/www/html/appyii/framework/web/CController.php(1145): CFilter->filter(Object(CFilterChain))
#13 /var/www/html/appyii/framework/web/filters/CInlineFilter.php(58): CController->filterAccessControl(Object(CFilterChain))
#14 /var/www/html/appyii/framework/web/filters/CFilterChain.php(130): CInlineFilter->filter(Object(CFilterChain))
#15 /var/www/html/appyii/framework/web/CController.php(291): CFilterChain->run()
#16 /var/www/html/appyii/framework/web/CController.php(265): CController->runActionWithFilters(Object(CInlineAction), Array)
#17 /var/www/html/appyii/framework/web/CWebApplication.php(282): CController->run('index')
#18 /var/www/html/appyii/framework/web/CWebApplication.php(141): CWebApplication->runController('produtos/index')
#19 /var/www/html/appyii/framework/base/CApplication.php(180): CWebApplication->processRequest()
#20 /var/www/html/appyii/myii/index.php(13): CApplication->run()
#21 {main}
REQUEST_URI=/appyii/myii/index.php?r=produtos/index&json
---
2014/09/25 22:23:35 [error] [exception.CException] exception 'CException' with message 'The property "itemView" cannot be empty.' in /var/www/html/appyii/framework/zii/widgets/CListView.php:210
Stack trace:
#0 /var/www/html/appyii/framework/web/CBaseController.php(147): CListView->init()
#1 /var/www/html/appyii/framework/web/CBaseController.php(172): CBaseController->createWidget('zii.widgets.CLi...', Array)
#2 /var/www/html/appyii/myii/protected/views/produtos/index.php(8): CBaseController->widget('zii.widgets.CLi...', Array)
#3 /var/www/html/appyii/framework/web/CBaseController.php(126): require('/var/www/html/a...')
#4 /var/www/html/appyii/framework/web/CBaseController.php(95): CBaseController->renderInternal('/var/www/html/a...', Array, true)
#5 /var/www/html/appyii/framework/web/CController.php(869): CBaseController->renderFile('/var/www/html/a...', Array, true)
#6 /var/www/html/appyii/framework/web/CController.php(782): CController->renderPartial('index', Array, true)
#7 /var/www/html/appyii/myii/protected/controllers/ProdutosController.php(128): CController->render('index', Array)
#8 /var/www/html/appyii/framework/web/actions/CInlineAction.php(49): ProdutosController->actionIndex()
#9 /var/www/html/appyii/framework/web/CController.php(308): CInlineAction->runWithParams(Array)
#10 /var/www/html/appyii/framework/web/filters/CFilterChain.php(133): CController->runAction(Object(CInlineAction))
#11 /var/www/html/appyii/framework/web/filters/CFilter.php(40): CFilterChain->run()
#12 /var/www/html/appyii/framework/web/CController.php(1145): CFilter->filter(Object(CFilterChain))
#13 /var/www/html/appyii/framework/web/filters/CInlineFilter.php(58): CController->filterAccessControl(Object(CFilterChain))
#14 /var/www/html/appyii/framework/web/filters/CFilterChain.php(130): CInlineFilter->filter(Object(CFilterChain))
#15 /var/www/html/appyii/framework/web/CController.php(291): CFilterChain->run()
#16 /var/www/html/appyii/framework/web/CController.php(265): CController->runActionWithFilters(Object(CInlineAction), Array)
#17 /var/www/html/appyii/framework/web/CWebApplication.php(282): CController->run('index')
#18 /var/www/html/appyii/framework/web/CWebApplication.php(141): CWebApplication->runController('produtos/index')
#19 /var/www/html/appyii/framework/base/CApplication.php(180): CWebApplication->processRequest()
#20 /var/www/html/appyii/myii/index.php(13): CApplication->run()
#21 {main}
REQUEST_URI=/appyii/myii/index.php?r=produtos/index&json
---
